declare -> 0
int -> 0
a -> None
, -> 0
b -> None
, -> 0
c -> None
, -> 0
max -> None
. -> 0
read -> 0
int -> 0
a -> None
, -> 0
b -> None
, -> 0
c -> None
. -> 0
max -> None
: -> 0
= -> 0
a -> None
. -> 0
if -> 0
a -> None
< -> 0
b -> None
then -> 0
{ -> 0
max -> None
: -> 0
= -> 0
b -> None
. -> 0
if -> 0
b -> None
< -> 0
c -> None
then -> 0
max -> None
: -> 0
= -> 0
c -> None
. -> 0
} -> 0
otherwise -> 0
if -> 0
a -> None
< -> 0
c -> None
then -> 0
max -> None
: -> 0
= -> 0
c -> None
. -> 0
print -> 0
max -> None
. -> 0
