2020-05-03T20:30:06,257 WARN  [http-nio-8080-exec-6]: PageNotFound                         - No mapping found for HTTP request with URI [/api/clients] in DispatcherServlet with name 'dispatcher' 
2020-05-03T20:30:28,547 WARN  [http-nio-8080-exec-8]: PageNotFound                         - No mapping found for HTTP request with URI [/api/clients] in DispatcherServlet with name 'dispatcher' 
2020-05-03T20:36:02,089 TRACE [http-nio-8080-exec-4]: MovieController                      - getMovies --- method entered 
2020-05-03T20:36:02,110 TRACE [http-nio-8080-exec-4]: ClientServiceImpl                    - getAllMovies --- method entered 
2020-05-03T20:36:17,652 TRACE [http-nio-8080-exec-5]: ClientController                     - getClients --- method entered 
2020-05-03T20:36:17,680 TRACE [http-nio-8080-exec-5]: ClientServiceImpl                    - getAllClients --- method entered 
2020-05-03T20:37:26,732 TRACE [http-nio-8080-exec-8]: ClientController                     - addClient --- method entered: client: client=ClientDto(super=BaseDto(id=null), name=Ionci, email=ionci@ionescu.com, age=55) 
2020-05-03T20:37:26,733 TRACE [http-nio-8080-exec-8]: ClientServiceImpl                    - addClient --- method entered: client: client=Client(super=BaseEntity(id=null), name=Ionci, email=ionci@ionescu.com, age=55) 
2020-05-03T20:37:26,923 TRACE [http-nio-8080-exec-8]: ClientServiceImpl                    - addClient --- method finished 
2020-05-03T20:38:11,604 TRACE [http-nio-8080-exec-10]: ClientController                     - getClients --- method entered 
2020-05-03T20:38:11,604 TRACE [http-nio-8080-exec-10]: ClientServiceImpl                    - getAllClients --- method entered 
2020-05-03T20:38:36,656 TRACE [http-nio-8080-exec-2]: ClientController                     - deleteClient --- method entered: id=10 
2020-05-03T20:38:36,656 TRACE [http-nio-8080-exec-2]: ClientServiceImpl                    - deleteClient --- method entered: id=10 
2020-05-03T20:38:36,684 TRACE [http-nio-8080-exec-2]: ClientServiceImpl                    - deleteClient --- method finished 
2020-05-03T20:41:20,242 TRACE [http-nio-8080-exec-4]: ClientController                     - getClients --- method entered 
2020-05-03T20:41:20,243 TRACE [http-nio-8080-exec-4]: ClientServiceImpl                    - getAllClients --- method entered 
2020-05-03T20:41:44,186 TRACE [http-nio-8080-exec-6]: ClientController                     - updateClient --- method entered: client=ClientDto(super=BaseDto(id=1), name=Cornel, email=cornel@corn.ro, age=434) 
2020-05-03T20:41:44,196 TRACE [http-nio-8080-exec-6]: ClientServiceImpl                    - updateClient --- method entered: client=Client(super=BaseEntity(id=1), name=Cornel, email=cornel@corn.ro, age=434) 
2020-05-03T20:41:44,198 DEBUG [http-nio-8080-exec-6]: ClientServiceImpl                    - updateClient --- updated: client=Client(super=BaseEntity(id=1), name=Cornel, email=cornel@corn.ro, age=434) 
2020-05-03T20:41:48,154 TRACE [http-nio-8080-exec-7]: ClientController                     - getClients --- method entered 
2020-05-03T20:41:48,154 TRACE [http-nio-8080-exec-7]: ClientServiceImpl                    - getAllClients --- method entered 
2020-05-05T13:06:55,064 TRACE [http-nio-8080-exec-5]: RentController                       - getRents --- method entered 
2020-05-05T13:06:55,095 TRACE [http-nio-8080-exec-5]: ClientServiceImpl                    - getAllRents --- method entered 
2020-05-05T13:06:58,882 TRACE [http-nio-8080-exec-6]: ClientController                     - getClients --- method entered 
2020-05-05T13:06:58,883 TRACE [http-nio-8080-exec-6]: ClientServiceImpl                    - getAllClients --- method entered 
2020-05-05T13:07:00,882 TRACE [http-nio-8080-exec-7]: MovieController                      - getMovies --- method entered 
2020-05-05T13:07:00,882 TRACE [http-nio-8080-exec-7]: ClientServiceImpl                    - getAllMovies --- method entered 
2020-05-05T13:32:59,656 TRACE [http-nio-8080-exec-7]: RentController                       - getRents --- method entered 
2020-05-05T13:32:59,791 TRACE [http-nio-8080-exec-7]: ClientServiceImpl                    - getAllRents --- method entered 
2020-05-05T13:40:40,959 TRACE [http-nio-8080-exec-6]: RentController                       - getRents --- method entered 
2020-05-05T13:40:41,109 TRACE [http-nio-8080-exec-6]: ClientServiceImpl                    - getAllRents --- method entered 
2020-05-05T13:44:30,503 TRACE [http-nio-8080-exec-4]: RentController                       - getRents --- method entered 
2020-05-05T13:44:30,545 TRACE [http-nio-8080-exec-4]: ClientServiceImpl                    - getAllRents --- method entered 
2020-05-05T13:45:04,545 TRACE [http-nio-8080-exec-6]: RentController                       - addRent --- method entered: rent: rent=RentDto(super=BaseDto(id=null), clientId=1, movieId=1, returnDate=2020-02-02) 
2020-05-05T13:45:04,546 TRACE [http-nio-8080-exec-6]: ClientServiceImpl                    - addRent --- method entered: rent: rent=Rent(super=BaseEntity(id=null), clientId=1, movieId=1, returnDate=2020-02-02) 
2020-05-05T13:45:04,712 TRACE [http-nio-8080-exec-6]: ClientServiceImpl                    - addRent --- method finished 
2020-05-05T13:45:20,451 TRACE [http-nio-8080-exec-7]: RentController                       - getRents --- method entered 
2020-05-05T13:45:20,451 TRACE [http-nio-8080-exec-7]: ClientServiceImpl                    - getAllRents --- method entered 
